
> carrent-app@1.0.0 build C:\Programming\code-backup-archive\mobile\carrent-app
> expo export -p ios && expo export -p android

Starting Metro Bundler
Error "ENOENT" reading contents of "C:\Programming\code-backup-archive\personal\codebase\dist\assets\js\form", skipping. Add this directory to your ignore list to exclude it.
Error "ENOENT" reading contents of "C:\Programming\code-backup-archive\personal\codebase\dist\assets\js\geo", skipping. Add this directory to your ignore list to exclude it.
Error "ENOENT" reading contents of "C:\Programming\code-backup-archive\personal\codebase\dist\projects\blitzestate\assets", skipping. Add this directory to your ignore list to exclude it.
Error "ENOENT" reading contents of "C:\Programming\code-backup-archive\personal\codebase\dist\projects\carservice\assets", skipping. Add this directory to your ignore list to exclude it.
Error "ENOENT" reading contents of "C:\Programming\code-backup-archive\personal\codebase\dist\projects\dolinahotel\img", skipping. Add this directory to your ignore list to exclude it.
Error "ENOENT" reading contents of "C:\Programming\code-backup-archive\personal\codebase\dist\projects\dolinahotel\svg", skipping. Add this directory to your ignore list to exclude it.
Error "ENOENT" reading contents of "C:\Programming\code-backup-archive\personal\codebase\dist\projects\dmitrylean\assets", skipping. Add this directory to your ignore list to exclude it.
Error "ENOENT" reading contents of "C:\Programming\code-backup-archive\personal\codebase\dist\projects\crashtheroutines\assets", skipping. Add this directory to your ignore list to exclude it.
Error "ENOENT" reading contents of "C:\Programming\code-backup-archive\personal\codebase\dist\projects\crashtheroutines\docs", skipping. Add this directory to your ignore list to exclude it.
Error "ENOENT" reading contents of "C:\Programming\code-backup-archive\personal\codebase\dist\projects\crashtheroutines\js", skipping. Add this directory to your ignore list to exclude it.
Error "ENOENT" reading contents of "C:\Programming\code-backup-archive\personal\codebase\dist\projects\crashtheroutines\pages", skipping. Add this directory to your ignore list to exclude it.
Error "ENOENT" reading contents of "C:\Programming\code-backup-archive\personal\codebase\dist\projects\crashtheroutines\styles", skipping. Add this directory to your ignore list to exclude it.
Error "ENOENT" reading contents of "C:\Programming\code-backup-archive\personal\codebase\dist\projects\dustland\assets", skipping. Add this directory to your ignore list to exclude it.
Error "ENOENT" reading contents of "C:\Programming\code-backup-archive\personal\codebase\dist\projects\gameplatform\assets", skipping. Add this directory to your ignore list to exclude it.
Error "ENOENT" reading contents of "C:\Programming\code-backup-archive\personal\codebase\dist\projects\gameplatform\pages", skipping. Add this directory to your ignore list to exclude it.
Error "ENOENT" reading contents of "C:\Programming\code-backup-archive\personal\codebase\dist\projects\gatesofpangea\assets", skipping. Add this directory to your ignore list to exclude it.
Error "ENOENT" reading contents of "C:\Programming\code-backup-archive\personal\codebase\dist\projects\gatesofpangea\js", skipping. Add this directory to your ignore list to exclude it.
Error "ENOENT" reading contents of "C:\Programming\code-backup-archive\personal\codebase\dist\projects\gatesofpangea\styles", skipping. Add this directory to your ignore list to exclude it.
Error "ENOENT" reading contents of "C:\Programming\code-backup-archive\personal\codebase\dist\projects\luxurycar\assets", skipping. Add this directory to your ignore list to exclude it.
Error "ENOENT" reading contents of "C:\Programming\code-backup-archive\personal\codebase\dist\projects\mountainwalking\img", skipping. Add this directory to your ignore list to exclude it.
Error "ENOENT" reading contents of "C:\Programming\code-backup-archive\personal\codebase\dist\projects\mountainwalking\svg", skipping. Add this directory to your ignore list to exclude it.
Error "ENOENT" reading contents of "C:\Programming\code-backup-archive\personal\codebase\dist\projects\musicartist\assets", skipping. Add this directory to your ignore list to exclude it.
Error "ENOENT" reading contents of "C:\Programming\code-backup-archive\personal\codebase\dist\projects\musicartist\pages", skipping. Add this directory to your ignore list to exclude it.
Error "ENOENT" reading contents of "C:\Programming\code-backup-archive\personal\codebase\dist\projects\musicband\assets", skipping. Add this directory to your ignore list to exclude it.
Error "ENOENT" reading contents of "C:\Programming\code-backup-archive\personal\codebase\dist\projects\musicband\pages", skipping. Add this directory to your ignore list to exclude it.
Error "ENOENT" reading contents of "C:\Programming\code-backup-archive\personal\codebase\dist\projects\musicartist2\assets", skipping. Add this directory to your ignore list to exclude it.
Error "ENOENT" reading contents of "C:\Programming\code-backup-archive\personal\codebase\dist\projects\musicartist2\css", skipping. Add this directory to your ignore list to exclude it.
Error "ENOENT" reading contents of "C:\Programming\code-backup-archive\personal\codebase\dist\projects\musicartist2\js", skipping. Add this directory to your ignore list to exclude it.
Error "ENOENT" reading contents of "C:\Programming\code-backup-archive\personal\codebase\dist\projects\musicartist2\links", skipping. Add this directory to your ignore list to exclude it.
Error "ENOENT" reading contents of "C:\Programming\code-backup-archive\personal\codebase\dist\projects\musicartist2\pages", skipping. Add this directory to your ignore list to exclude it.
Error "ENOENT" reading contents of "C:\Programming\code-backup-archive\personal\codebase\dist\projects\old-portfolio\assets", skipping. Add this directory to your ignore list to exclude it.
Error "ENOENT" reading contents of "C:\Programming\code-backup-archive\personal\codebase\dist\projects\old-portfolio\en", skipping. Add this directory to your ignore list to exclude it.
Error "ENOENT" reading contents of "C:\Programming\code-backup-archive\personal\codebase\dist\projects\old-portfolio\ru", skipping. Add this directory to your ignore list to exclude it.
Error "ENOENT" reading contents of "C:\Programming\code-backup-archive\personal\codebase\dist\projects\pdv-landing\assets\img", skipping. Add this directory to your ignore list to exclude it.
Error "ENOENT" reading contents of "C:\Programming\code-backup-archive\personal\codebase\dist\projects\pdv-landing\assets\svg", skipping. Add this directory to your ignore list to exclude it.
Error "ENOENT" reading contents of "C:\Programming\code-backup-archive\personal\codebase\dist\projects\sportcarrent\assets\img", skipping. Add this directory to your ignore list to exclude it.
Error "ENOENT" reading contents of "C:\Programming\code-backup-archive\personal\codebase\dist\projects\sportcarrent\assets\svg", skipping. Add this directory to your ignore list to exclude it.
Error "ENOENT" reading contents of "C:\Programming\code-backup-archive\personal\codebase\dist\projects\wolfmedia\assets\img", skipping. Add this directory to your ignore list to exclude it.
Error "ENOENT" reading contents of "C:\Programming\code-backup-archive\personal\codebase\dist\projects\wolfmedia\assets\svg", skipping. Add this directory to your ignore list to exclude it.
Error "ENOENT" reading contents of "C:\Programming\code-backup-archive\personal\codebase\dist\projects\wishbone\assets\img", skipping. Add this directory to your ignore list to exclude it.
Error "ENOENT" reading contents of "C:\Programming\code-backup-archive\personal\codebase\dist\projects\wishbone\assets\js", skipping. Add this directory to your ignore list to exclude it.
Error "ENOENT" reading contents of "C:\Programming\code-backup-archive\personal\codebase\dist\projects\wishbone\assets\styles", skipping. Add this directory to your ignore list to exclude it.
iOS node_modules\.pnpm\expo-router@6.0.14_6561bb747cc5c6ce67e0ddd99e928ca1\node_modules\expo-router\entry.js ░░░░░░░░░░░░░░░░  0.0% (0/1)
| [baseline-browser-mapping] The data in this module is over two months old.  To ensure accurate Baseline data, please update: `npm i baseline-browser-mapping@latest -D`
| expo-router/babel is deprecated in favor of babel-preset-expo in SDK 50. To fix the issue, remove "expo-router/babel" from "plugins" in your babel.config.js file.
| [baseline-browser-mapping] The data in this module is over two months old.  To ensure accurate Baseline data, please update: `npm i baseline-browser-mapping@latest -D`
| [baseline-browser-mapping] The data in this module is over two months old.  To ensure accurate Baseline data, please update: `npm i baseline-browser-mapping@latest -D`
| [baseline-browser-mapping] The data in this module is over two months old.  To ensure accurate Baseline data, please update: `npm i baseline-browser-mapping@latest -D`
| [baseline-browser-mapping] The data in this module is over two months old.  To ensure accurate Baseline data, please update: `npm i baseline-browser-mapping@latest -D`
| [baseline-browser-mapping] The data in this module is over two months old.  To ensure accurate Baseline data, please update: `npm i baseline-browser-mapping@latest -D`
| [baseline-browser-mapping] The data in this module is over two months old.  To ensure accurate Baseline data, please update: `npm i baseline-browser-mapping@latest -D`
| [baseline-browser-mapping] The data in this module is over two months old.  To ensure accurate Baseline data, please update: `npm i baseline-browser-mapping@latest -D`
| expo-router/babel is deprecated in favor of babel-preset-expo in SDK 50. To fix the issue, remove "expo-router/babel" from "plugins" in your babel.config.js file.
| expo-router/babel is deprecated in favor of babel-preset-expo in SDK 50. To fix the issue, remove "expo-router/babel" from "plugins" in your babel.config.js file.
| expo-router/babel is deprecated in favor of babel-preset-expo in SDK 50. To fix the issue, remove "expo-router/babel" from "plugins" in your babel.config.js file.
| expo-router/babel is deprecated in favor of babel-preset-expo in SDK 50. To fix the issue, remove "expo-router/babel" from "plugins" in your babel.config.js file.
iOS node_modules\.pnpm\expo-router@6.0.14_6561bb747cc5c6ce67e0ddd99e928ca1\node_modules\expo-router\entry.js ▓▓▓░░░░░░░░░░░░░ 19.4% ( 55/130)
| expo-router/babel is deprecated in favor of babel-preset-expo in SDK 50. To fix the issue, remove "expo-router/babel" from "plugins" in your babel.config.js file.
| expo-router/babel is deprecated in favor of babel-preset-expo in SDK 50. To fix the issue, remove "expo-router/babel" from "plugins" in your babel.config.js file.
| expo-router/babel is deprecated in favor of babel-preset-expo in SDK 50. To fix the issue, remove "expo-router/babel" from "plugins" in your babel.config.js file.
iOS node_modules\.pnpm\expo-router@6.0.14_6561bb747cc5c6ce67e0ddd99e928ca1\node_modules\expo-router\entry.js ▓▓▓▓▓▓░░░░░░░░░░ 42.0% (315/486)
iOS node_modules\.pnpm\expo-router@6.0.14_6561bb747cc5c6ce67e0ddd99e928ca1\node_modules\expo-router\entry.js ▓▓▓▓▓▓▓▓▓▓░░░░░░ 67.5% (635/773)
iOS node_modules\.pnpm\expo-router@6.0.14_6561bb747cc5c6ce67e0ddd99e928ca1\node_modules\expo-router\entry.js ▓▓▓▓▓▓▓▓▓▓▓▓░░░░ 75.9% (847/972)
iOS node_modules\.pnpm\expo-router@6.0.14_6561bb747cc5c6ce67e0ddd99e928ca1\node_modules\expo-router\entry.js ▓▓▓▓▓▓▓▓▓▓▓▓▓░░░ 84.9% (1031/1132)
iOS node_modules\.pnpm\expo-router@6.0.14_6561bb747cc5c6ce67e0ddd99e928ca1\node_modules\expo-router\entry.js ▓▓▓▓▓▓▓▓▓▓▓▓▓▓░░ 89.1% (1132/1199)
iOS node_modules\.pnpm\expo-router@6.0.14_6561bb747cc5c6ce67e0ddd99e928ca1\node_modules\expo-router\entry.js ▓▓▓▓▓▓▓▓▓▓▓▓▓▓▓░ 97.7% (1361/1377)
iOS node_modules\.pnpm\expo-router@6.0.14_6561bb747cc5c6ce67e0ddd99e928ca1\node_modules\expo-router\entry.js ▓▓▓▓▓▓▓▓▓▓▓▓▓▓▓░ 99.9% (1386/1386)
iOS Bundled 36920ms node_modules\.pnpm\expo-router@6.0.14_6561bb747cc5c6ce67e0ddd99e928ca1\node_modules\expo-router\entry.js (1386 modules)
iOS node_modules\.pnpm\expo-router@6.0.14_6561bb747cc5c6ce67e0ddd99e928ca1\node_modules\expo-router\entry.js ▓▓▓▓▓▓▓▓▓▓▓▓▓▓▓░ 99.9% (1386/1386)

› Assets (45):
..\..\node_modules\.pnpm\@expo+vector-icons@15.0.3_e_8e188fcd70eec93dc30a392d6e418c70\node_modules\@expo\vector-icons\build\vendor\react-native-vector-icons\Fonts\AntDesign.ttf (130 kB)
..\..\node_modules\.pnpm\@expo+vector-icons@15.0.3_e_8e188fcd70eec93dc30a392d6e418c70\node_modules\@expo\vector-icons\build\vendor\react-native-vector-icons\Fonts\Entypo.ttf (66.2 kB)
..\..\node_modules\.pnpm\@expo+vector-icons@15.0.3_e_8e188fcd70eec93dc30a392d6e418c70\node_modules\@expo\vector-icons\build\vendor\react-native-vector-icons\Fonts\EvilIcons.ttf (13.5 kB)
..\..\node_modules\.pnpm\@expo+vector-icons@15.0.3_e_8e188fcd70eec93dc30a392d6e418c70\node_modules\@expo\vector-icons\build\vendor\react-native-vector-icons\Fonts\Feather.ttf (55.6 kB)
..\..\node_modules\.pnpm\@expo+vector-icons@15.0.3_e_8e188fcd70eec93dc30a392d6e418c70\node_modules\@expo\vector-icons\build\vendor\react-native-vector-icons\Fonts\FontAwesome.ttf (166 kB)
..\..\node_modules\.pnpm\@expo+vector-icons@15.0.3_e_8e188fcd70eec93dc30a392d6e418c70\node_modules\@expo\vector-icons\build\vendor\react-native-vector-icons\Fonts\FontAwesome5_Brands.ttf (134 kB)
..\..\node_modules\.pnpm\@expo+vector-icons@15.0.3_e_8e188fcd70eec93dc30a392d6e418c70\node_modules\@expo\vector-icons\build\vendor\react-native-vector-icons\Fonts\FontAwesome5_Regular.ttf (33.7 kB)
..\..\node_modules\.pnpm\@expo+vector-icons@15.0.3_e_8e188fcd70eec93dc30a392d6e418c70\node_modules\@expo\vector-icons\build\vendor\react-native-vector-icons\Fonts\FontAwesome5_Solid.ttf (203 kB)
..\..\node_modules\.pnpm\@expo+vector-icons@15.0.3_e_8e188fcd70eec93dc30a392d6e418c70\node_modules\@expo\vector-icons\build\vendor\react-native-vector-icons\Fonts\FontAwesome6_Brands.ttf (209 kB)
..\..\node_modules\.pnpm\@expo+vector-icons@15.0.3_e_8e188fcd70eec93dc30a392d6e418c70\node_modules\@expo\vector-icons\build\vendor\react-native-vector-icons\Fonts\FontAwesome6_Regular.ttf (68 kB)
..\..\node_modules\.pnpm\@expo+vector-icons@15.0.3_e_8e188fcd70eec93dc30a392d6e418c70\node_modules\@expo\vector-icons\build\vendor\react-native-vector-icons\Fonts\FontAwesome6_Solid.ttf (424 kB)
..\..\node_modules\.pnpm\@expo+vector-icons@15.0.3_e_8e188fcd70eec93dc30a392d6e418c70\node_modules\@expo\vector-icons\build\vendor\react-native-vector-icons\Fonts\Fontisto.ttf (314 kB)
..\..\node_modules\.pnpm\@expo+vector-icons@15.0.3_e_8e188fcd70eec93dc30a392d6e418c70\node_modules\@expo\vector-icons\build\vendor\react-native-vector-icons\Fonts\Foundation.ttf (57 kB)
..\..\node_modules\.pnpm\@expo+vector-icons@15.0.3_e_8e188fcd70eec93dc30a392d6e418c70\node_modules\@expo\vector-icons\build\vendor\react-native-vector-icons\Fonts\Ionicons.ttf (390 kB)
..\..\node_modules\.pnpm\@expo+vector-icons@15.0.3_e_8e188fcd70eec93dc30a392d6e418c70\node_modules\@expo\vector-icons\build\vendor\react-native-vector-icons\Fonts\MaterialCommunityIcons.ttf (1.31 MB)
..\..\node_modules\.pnpm\@expo+vector-icons@15.0.3_e_8e188fcd70eec93dc30a392d6e418c70\node_modules\@expo\vector-icons\build\vendor\react-native-vector-icons\Fonts\MaterialIcons.ttf (357 kB)
..\..\node_modules\.pnpm\@expo+vector-icons@15.0.3_e_8e188fcd70eec93dc30a392d6e418c70\node_modules\@expo\vector-icons\build\vendor\react-native-vector-icons\Fonts\Octicons.ttf (69.4 kB)
..\..\node_modules\.pnpm\@expo+vector-icons@15.0.3_e_8e188fcd70eec93dc30a392d6e418c70\node_modules\@expo\vector-icons\build\vendor\react-native-vector-icons\Fonts\SimpleLineIcons.ttf (54.1 kB)
..\..\node_modules\.pnpm\@expo+vector-icons@15.0.3_e_8e188fcd70eec93dc30a392d6e418c70\node_modules\@expo\vector-icons\build\vendor\react-native-vector-icons\Fonts\Zocial.ttf (25.8 kB)
..\..\node_modules\.pnpm\@react-navigation+elements@_e82f16e06cbb51927483a7cb8199db59\node_modules\@react-navigation\elements\lib\module\assets\back-icon-mask.png (653 B)
..\..\node_modules\.pnpm\@react-navigation+elements@_e82f16e06cbb51927483a7cb8199db59\node_modules\@react-navigation\elements\lib\module\assets\back-icon.png (4 variations | 566 B)
..\..\node_modules\.pnpm\@react-navigation+elements@_e82f16e06cbb51927483a7cb8199db59\node_modules\@react-navigation\elements\lib\module\assets\clear-icon.png (4 variations | 425 B)
..\..\node_modules\.pnpm\@react-navigation+elements@_e82f16e06cbb51927483a7cb8199db59\node_modules\@react-navigation\elements\lib\module\assets\close-icon.png (4 variations | 235 B)
..\..\node_modules\.pnpm\@react-navigation+elements@_e82f16e06cbb51927483a7cb8199db59\node_modules\@react-navigation\elements\lib\module\assets\search-icon.png (3 variations | 582 B)
..\..\node_modules\.pnpm\expo-router@6.0.14_6561bb747cc5c6ce67e0ddd99e928ca1\node_modules\expo-router\assets\arrow_down.png (9.46 kB)
..\..\node_modules\.pnpm\expo-router@6.0.14_6561bb747cc5c6ce67e0ddd99e928ca1\node_modules\expo-router\assets\error.png (469 B)
..\..\node_modules\.pnpm\expo-router@6.0.14_6561bb747cc5c6ce67e0ddd99e928ca1\node_modules\expo-router\assets\file.png (138 B)
..\..\node_modules\.pnpm\expo-router@6.0.14_6561bb747cc5c6ce67e0ddd99e928ca1\node_modules\expo-router\assets\forward.png (188 B)
..\..\node_modules\.pnpm\expo-router@6.0.14_6561bb747cc5c6ce67e0ddd99e928ca1\node_modules\expo-router\assets\pkg.png (364 B)
..\..\node_modules\.pnpm\expo-router@6.0.14_6561bb747cc5c6ce67e0ddd99e928ca1\node_modules\expo-router\assets\sitemap.png (465 B)
..\..\node_modules\.pnpm\expo-router@6.0.14_6561bb747cc5c6ce67e0ddd99e928ca1\node_modules\expo-router\assets\unmatched.png (4.75 kB)
assets\images\react-logo.png (3 variations | 13.9 kB)

› ios bundles (1):
_expo/static/js/ios/entry-6c4e77023d0aa27b6585325c836b2652.hbc (3.97 MB)

› Files (1):
metadata.json (3.21 kB)

Exported: dist
Starting Metro Bundler
Android node_modules\.pnpm\expo-router@6.0.14_6561bb747cc5c6ce67e0ddd99e928ca1\node_modules\expo-router\entry.js ░░░░░░░░░░░░░░░░  0.0% (0/1)
| [baseline-browser-mapping] The data in this module is over two months old.  To ensure accurate Baseline data, please update: `npm i baseline-browser-mapping@latest -D`
| expo-router/babel is deprecated in favor of babel-preset-expo in SDK 50. To fix the issue, remove "expo-router/babel" from "plugins" in your babel.config.js file.
Android node_modules\.pnpm\expo-router@6.0.14_6561bb747cc5c6ce67e0ddd99e928ca1\node_modules\expo-router\entry.js ▓▓░░░░░░░░░░░░░░ 16.0% ( 4/13)
| [baseline-browser-mapping] The data in this module is over two months old.  To ensure accurate Baseline data, please update: `npm i baseline-browser-mapping@latest -D`
| [baseline-browser-mapping] The data in this module is over two months old.  To ensure accurate Baseline data, please update: `npm i baseline-browser-mapping@latest -D`
| [baseline-browser-mapping] The data in this module is over two months old.  To ensure accurate Baseline data, please update: `npm i baseline-browser-mapping@latest -D`
| [baseline-browser-mapping] The data in this module is over two months old.  To ensure accurate Baseline data, please update: `npm i baseline-browser-mapping@latest -D`
| [baseline-browser-mapping] The data in this module is over two months old.  To ensure accurate Baseline data, please update: `npm i baseline-browser-mapping@latest -D`
| [baseline-browser-mapping] The data in this module is over two months old.  To ensure accurate Baseline data, please update: `npm i baseline-browser-mapping@latest -D`
| [baseline-browser-mapping] The data in this module is over two months old.  To ensure accurate Baseline data, please update: `npm i baseline-browser-mapping@latest -D`
Android node_modules\.pnpm\expo-router@6.0.14_6561bb747cc5c6ce67e0ddd99e928ca1\node_modules\expo-router\entry.js ▓▓▓░░░░░░░░░░░░░ 24.6% ( 58/117)
| expo-router/babel is deprecated in favor of babel-preset-expo in SDK 50. To fix the issue, remove "expo-router/babel" from "plugins" in your babel.config.js file.
| expo-router/babel is deprecated in favor of babel-preset-expo in SDK 50. To fix the issue, remove "expo-router/babel" from "plugins" in your babel.config.js file.
| expo-router/babel is deprecated in favor of babel-preset-expo in SDK 50. To fix the issue, remove "expo-router/babel" from "plugins" in your babel.config.js file.
| expo-router/babel is deprecated in favor of babel-preset-expo in SDK 50. To fix the issue, remove "expo-router/babel" from "plugins" in your babel.config.js file.
| expo-router/babel is deprecated in favor of babel-preset-expo in SDK 50. To fix the issue, remove "expo-router/babel" from "plugins" in your babel.config.js file.
| expo-router/babel is deprecated in favor of babel-preset-expo in SDK 50. To fix the issue, remove "expo-router/babel" from "plugins" in your babel.config.js file.
| expo-router/babel is deprecated in favor of babel-preset-expo in SDK 50. To fix the issue, remove "expo-router/babel" from "plugins" in your babel.config.js file.
Android node_modules\.pnpm\expo-router@6.0.14_6561bb747cc5c6ce67e0ddd99e928ca1\node_modules\expo-router\entry.js ▓▓▓▓▓▓▓▓░░░░░░░░ 53.5% (224/395)
Android node_modules\.pnpm\expo-router@6.0.14_6561bb747cc5c6ce67e0ddd99e928ca1\node_modules\expo-router\entry.js ▓▓▓▓▓▓▓▓░░░░░░░░ 53.5% (469/655)
Android node_modules\.pnpm\expo-router@6.0.14_6561bb747cc5c6ce67e0ddd99e928ca1\node_modules\expo-router\entry.js ▓▓▓▓▓▓▓▓▓▓░░░░░░ 67.6% (692/876)
Android node_modules\.pnpm\expo-router@6.0.14_6561bb747cc5c6ce67e0ddd99e928ca1\node_modules\expo-router\entry.js ▓▓▓▓▓▓▓▓▓▓▓▓▓░░░ 84.1% ( 976/1075)
Android node_modules\.pnpm\expo-router@6.0.14_6561bb747cc5c6ce67e0ddd99e928ca1\node_modules\expo-router\entry.js ▓▓▓▓▓▓▓▓▓▓▓▓▓▓░░ 93.0% (1198/1264)
Android node_modules\.pnpm\expo-router@6.0.14_6561bb747cc5c6ce67e0ddd99e928ca1\node_modules\expo-router\entry.js ▓▓▓▓▓▓▓▓▓▓▓▓▓▓▓░ 99.9% (1378/1378)
Android Bundled 29326ms node_modules\.pnpm\expo-router@6.0.14_6561bb747cc5c6ce67e0ddd99e928ca1\node_modules\expo-router\entry.js (1378 modules)
Android node_modules\.pnpm\expo-router@6.0.14_6561bb747cc5c6ce67e0ddd99e928ca1\node_modules\expo-router\entry.js ▓▓▓▓▓▓▓▓▓▓▓▓▓▓▓░ 99.9% (1378/1378)

› Assets (46):
..\..\node_modules\.pnpm\@expo+vector-icons@15.0.3_e_8e188fcd70eec93dc30a392d6e418c70\node_modules\@expo\vector-icons\build\vendor\react-native-vector-icons\Fonts\AntDesign.ttf (130 kB)
..\..\node_modules\.pnpm\@expo+vector-icons@15.0.3_e_8e188fcd70eec93dc30a392d6e418c70\node_modules\@expo\vector-icons\build\vendor\react-native-vector-icons\Fonts\Entypo.ttf (66.2 kB)
..\..\node_modules\.pnpm\@expo+vector-icons@15.0.3_e_8e188fcd70eec93dc30a392d6e418c70\node_modules\@expo\vector-icons\build\vendor\react-native-vector-icons\Fonts\EvilIcons.ttf (13.5 kB)
..\..\node_modules\.pnpm\@expo+vector-icons@15.0.3_e_8e188fcd70eec93dc30a392d6e418c70\node_modules\@expo\vector-icons\build\vendor\react-native-vector-icons\Fonts\Feather.ttf (55.6 kB)
..\..\node_modules\.pnpm\@expo+vector-icons@15.0.3_e_8e188fcd70eec93dc30a392d6e418c70\node_modules\@expo\vector-icons\build\vendor\react-native-vector-icons\Fonts\FontAwesome.ttf (166 kB)
..\..\node_modules\.pnpm\@expo+vector-icons@15.0.3_e_8e188fcd70eec93dc30a392d6e418c70\node_modules\@expo\vector-icons\build\vendor\react-native-vector-icons\Fonts\FontAwesome5_Brands.ttf (134 kB)
..\..\node_modules\.pnpm\@expo+vector-icons@15.0.3_e_8e188fcd70eec93dc30a392d6e418c70\node_modules\@expo\vector-icons\build\vendor\react-native-vector-icons\Fonts\FontAwesome5_Regular.ttf (33.7 kB)
..\..\node_modules\.pnpm\@expo+vector-icons@15.0.3_e_8e188fcd70eec93dc30a392d6e418c70\node_modules\@expo\vector-icons\build\vendor\react-native-vector-icons\Fonts\FontAwesome5_Solid.ttf (203 kB)
..\..\node_modules\.pnpm\@expo+vector-icons@15.0.3_e_8e188fcd70eec93dc30a392d6e418c70\node_modules\@expo\vector-icons\build\vendor\react-native-vector-icons\Fonts\FontAwesome6_Brands.ttf (209 kB)
..\..\node_modules\.pnpm\@expo+vector-icons@15.0.3_e_8e188fcd70eec93dc30a392d6e418c70\node_modules\@expo\vector-icons\build\vendor\react-native-vector-icons\Fonts\FontAwesome6_Regular.ttf (68 kB)
..\..\node_modules\.pnpm\@expo+vector-icons@15.0.3_e_8e188fcd70eec93dc30a392d6e418c70\node_modules\@expo\vector-icons\build\vendor\react-native-vector-icons\Fonts\FontAwesome6_Solid.ttf (424 kB)
..\..\node_modules\.pnpm\@expo+vector-icons@15.0.3_e_8e188fcd70eec93dc30a392d6e418c70\node_modules\@expo\vector-icons\build\vendor\react-native-vector-icons\Fonts\Fontisto.ttf (314 kB)
..\..\node_modules\.pnpm\@expo+vector-icons@15.0.3_e_8e188fcd70eec93dc30a392d6e418c70\node_modules\@expo\vector-icons\build\vendor\react-native-vector-icons\Fonts\Foundation.ttf (57 kB)
..\..\node_modules\.pnpm\@expo+vector-icons@15.0.3_e_8e188fcd70eec93dc30a392d6e418c70\node_modules\@expo\vector-icons\build\vendor\react-native-vector-icons\Fonts\Ionicons.ttf (390 kB)
..\..\node_modules\.pnpm\@expo+vector-icons@15.0.3_e_8e188fcd70eec93dc30a392d6e418c70\node_modules\@expo\vector-icons\build\vendor\react-native-vector-icons\Fonts\MaterialCommunityIcons.ttf (1.31 MB)
..\..\node_modules\.pnpm\@expo+vector-icons@15.0.3_e_8e188fcd70eec93dc30a392d6e418c70\node_modules\@expo\vector-icons\build\vendor\react-native-vector-icons\Fonts\MaterialIcons.ttf (357 kB)
..\..\node_modules\.pnpm\@expo+vector-icons@15.0.3_e_8e188fcd70eec93dc30a392d6e418c70\node_modules\@expo\vector-icons\build\vendor\react-native-vector-icons\Fonts\Octicons.ttf (69.4 kB)
..\..\node_modules\.pnpm\@expo+vector-icons@15.0.3_e_8e188fcd70eec93dc30a392d6e418c70\node_modules\@expo\vector-icons\build\vendor\react-native-vector-icons\Fonts\SimpleLineIcons.ttf (54.1 kB)
..\..\node_modules\.pnpm\@expo+vector-icons@15.0.3_e_8e188fcd70eec93dc30a392d6e418c70\node_modules\@expo\vector-icons\build\vendor\react-native-vector-icons\Fonts\Zocial.ttf (25.8 kB)
..\..\node_modules\.pnpm\@react-navigation+elements@_e82f16e06cbb51927483a7cb8199db59\node_modules\@react-navigation\elements\lib\module\assets\back-icon-mask.png (653 B)
..\..\node_modules\.pnpm\@react-navigation+elements@_e82f16e06cbb51927483a7cb8199db59\node_modules\@react-navigation\elements\lib\module\assets\back-icon.png (4 variations | 152 B)
..\..\node_modules\.pnpm\@react-navigation+elements@_e82f16e06cbb51927483a7cb8199db59\node_modules\@react-navigation\elements\lib\module\assets\clear-icon.png (4 variations | 425 B)
..\..\node_modules\.pnpm\@react-navigation+elements@_e82f16e06cbb51927483a7cb8199db59\node_modules\@react-navigation\elements\lib\module\assets\close-icon.png (4 variations | 235 B)
..\..\node_modules\.pnpm\@react-navigation+elements@_e82f16e06cbb51927483a7cb8199db59\node_modules\@react-navigation\elements\lib\module\assets\search-icon.png (4 variations | 599 B)
..\..\node_modules\.pnpm\expo-router@6.0.14_6561bb747cc5c6ce67e0ddd99e928ca1\node_modules\expo-router\assets\arrow_down.png (9.46 kB)
..\..\node_modules\.pnpm\expo-router@6.0.14_6561bb747cc5c6ce67e0ddd99e928ca1\node_modules\expo-router\assets\error.png (469 B)
..\..\node_modules\.pnpm\expo-router@6.0.14_6561bb747cc5c6ce67e0ddd99e928ca1\node_modules\expo-router\assets\file.png (138 B)
..\..\node_modules\.pnpm\expo-router@6.0.14_6561bb747cc5c6ce67e0ddd99e928ca1\node_modules\expo-router\assets\forward.png (188 B)
..\..\node_modules\.pnpm\expo-router@6.0.14_6561bb747cc5c6ce67e0ddd99e928ca1\node_modules\expo-router\assets\pkg.png (364 B)
..\..\node_modules\.pnpm\expo-router@6.0.14_6561bb747cc5c6ce67e0ddd99e928ca1\node_modules\expo-router\assets\sitemap.png (465 B)
..\..\node_modules\.pnpm\expo-router@6.0.14_6561bb747cc5c6ce67e0ddd99e928ca1\node_modules\expo-router\assets\unmatched.png (4.75 kB)
assets\images\react-logo.png (3 variations | 13.9 kB)

› android bundles (1):
_expo/static/js/android/entry-803eebf43507f83916433cb4a3329a71.hbc (3.96 MB)

› Files (1):
metadata.json (3.22 kB)

Exported: dist
